#
# There is insufficient memory for the Java Runtime Environment to continue.
# Native memory allocation (malloc) failed to allocate 175312 bytes. Error detail: Chunk::new
# Possible reasons:
#   The system is out of physical RAM or swap space
#   This process is running with CompressedOops enabled, and the Java Heap may be blocking the growth of the native heap
# Possible solutions:
#   Reduce memory load on the system
#   Increase physical memory or swap space
#   Check if swap backing store is full
#   Decrease Java heap size (-Xmx/-Xms)
#   Decrease number of Java threads
#   Decrease Java thread stack sizes (-Xss)
#   Set larger code cache with -XX:ReservedCodeCacheSize=
#   JVM is running with Zero Based Compressed Oops mode in which the Java heap is
#     placed in the first 32GB address space. The Java Heap base address is the
#     maximum limit for the native heap growth. Please use -XX:HeapBaseMinAddress
#     to set the Java Heap base and to place the Java Heap above 32GB virtual address.
# This output file may be truncated or incomplete.
#
#  Out of Memory Error (arena.cpp:149), pid=23876, tid=54512
#
# JRE version: OpenJDK Runtime Environment (23.0.2+7) (build 23.0.2+7-58)
# Java VM: OpenJDK 64-Bit Server VM (23.0.2+7-58, mixed mode, sharing, tiered, compressed oops, compressed class ptrs, g1 gc, windows-amd64)
# No core dump will be written. Minidumps are not enabled by default on client versions of Windows
#

---------------  S U M M A R Y ------------

Command Line: -Dmaven.multiModuleProjectDirectory=D:\CI-CD-Factory\pipeline-v1\jenkins-pipeline-ci-cd-v1\New folder -Djansi.passthrough=true -Dmaven.home=C:\Program Files\JetBrains\IntelliJ IDEA Community Edition 2023.1.3\plugins\maven\lib\maven3 -Dclassworlds.conf=C:\Program Files\JetBrains\IntelliJ IDEA Community Edition 2023.1.3\plugins\maven\lib\maven3\bin\m2.conf -Dmaven.ext.class.path=C:\Program Files\JetBrains\IntelliJ IDEA Community Edition 2023.1.3\plugins\maven\lib\maven-event-listener.jar -javaagent:C:\Program Files\JetBrains\IntelliJ IDEA Community Edition 2023.1.3\lib\idea_rt.jar=51024:C:\Program Files\JetBrains\IntelliJ IDEA Community Edition 2023.1.3\bin -Dfile.encoding=UTF-8 -Dsun.stdout.encoding=UTF-8 -Dsun.stderr.encoding=UTF-8 org.codehaus.classworlds.Launcher -Didea.version=2023.1.3

Host: 11th Gen Intel(R) Core(TM) i5-1135G7 @ 2.40GHz, 8 cores, 15G,  Windows 11 , 64 bit Build 26100 (10.0.26100.8328)
Time: Sun Jun 14 20:35:10 2026 India Standard Time elapsed time: 3.719927 seconds (0d 0h 0m 3s)

---------------  T H R E A D  ---------------

Current thread (0x000002554b138cd0):  JavaThread "C2 CompilerThread0" daemon [_thread_in_native, id=54512, stack(0x000000790ff00000,0x0000007910000000) (1024K)]


Current CompileTask:
C2:3720 1335   !   4       sun.nio.cs.StreamDecoder::read (78 bytes)

Stack: [0x000000790ff00000,0x0000007910000000]
Native frames: (J=compiled Java code, j=interpreted, Vv=VM code, C=native code)
V  [jvm.dll+0x6e0b99]  (no source info available)
V  [jvm.dll+0x87e2b3]  (no source info available)
V  [jvm.dll+0x88073e]  (no source info available)
V  [jvm.dll+0x880e13]  (no source info available)
V  [jvm.dll+0x27b006]  (no source info available)
V  [jvm.dll+0xbc06f]  (no source info available)
V  [jvm.dll+0xbc2cb]  (no source info available)
V  [jvm.dll+0x3b3c5c]  (no source info available)
V  [jvm.dll+0x1dbf4b]  (no source info available)
V  [jvm.dll+0x244ce5]  (no source info available)
V  [jvm.dll+0x243eff]  (no source info available)
V  [jvm.dll+0x1c34b0]  (no source info available)
V  [jvm.dll+0x253df1]  (no source info available)
V  [jvm.dll+0x2520aa]  (no source info available)
V  [jvm.dll+0x3ee226]  (no source info available)
V  [jvm.dll+0x8254cb]  (no source info available)
V  [jvm.dll+0x6df345]  (no source info available)
C  [ucrtbase.dll+0x37b0]  (no source info available)
C  [KERNEL32.DLL+0x2e957]  (no source info available)
C  [ntdll.dll+0x427c]  (no source info available)

Lock stack of current Java thread (top to bottom):


---------------  P R O C E S S  ---------------

Threads class SMR info:
_java_thread_list=0x000002554ba472b0, length=13, elements={
0x00000255295c7a00, 0x000002554b126140, 0x000002554b126ba0, 0x000002554b129f50,
0x000002554aabcee0, 0x000002554aabd550, 0x000002554aabe0e0, 0x000002554b138cd0,
0x000002554b139b90, 0x000002554b249080, 0x000002554b3af930, 0x000002554b3affa0,
0x000002554b80c5f0
}

Java Threads: ( => current thread )
  0x00000255295c7a00 JavaThread "main"                              [_thread_in_native, id=39288, stack(0x000000790f000000,0x000000790f100000) (1024K)]
  0x000002554b126140 JavaThread "Reference Handler"          daemon [_thread_blocked, id=34360, stack(0x000000790f900000,0x000000790fa00000) (1024K)]
  0x000002554b126ba0 JavaThread "Finalizer"                  daemon [_thread_blocked, id=33892, stack(0x000000790fa00000,0x000000790fb00000) (1024K)]
  0x000002554b129f50 JavaThread "Signal Dispatcher"          daemon [_thread_blocked, id=25184, stack(0x000000790fb00000,0x000000790fc00000) (1024K)]
  0x000002554aabcee0 JavaThread "Attach Listener"            daemon [_thread_blocked, id=3612, stack(0x000000790fc00000,0x000000790fd00000) (1024K)]
  0x000002554aabd550 JavaThread "Service Thread"             daemon [_thread_blocked, id=20532, stack(0x000000790fd00000,0x000000790fe00000) (1024K)]
  0x000002554aabe0e0 JavaThread "Monitor Deflation Thread"   daemon [_thread_blocked, id=56120, stack(0x000000790fe00000,0x000000790ff00000) (1024K)]
=>0x000002554b138cd0 JavaThread "C2 CompilerThread0"         daemon [_thread_in_native, id=54512, stack(0x000000790ff00000,0x0000007910000000) (1024K)]
  0x000002554b139b90 JavaThread "C1 CompilerThread0"         daemon [_thread_blocked, id=2668, stack(0x0000007910000000,0x0000007910100000) (1024K)]
  0x000002554b249080 JavaThread "Common-Cleaner"             daemon [_thread_blocked, id=58860, stack(0x0000007910100000,0x0000007910200000) (1024K)]
  0x000002554b3af930 JavaThread "Monitor Ctrl-Break"         daemon [_thread_in_native, id=37640, stack(0x0000007910300000,0x0000007910400000) (1024K)]
  0x000002554b3affa0 JavaThread "Notification Thread"        daemon [_thread_blocked, id=29232, stack(0x0000007910400000,0x0000007910500000) (1024K)]
  0x000002554b80c5f0 JavaThread "C2 CompilerThread1"         daemon [_thread_blocked, id=23060, stack(0x0000007910200000,0x0000007910300000) (1024K)]
Total: 13

Other Threads:
  0x000002554aa9f5b0 VMThread "VM Thread"                           [id=53364, stack(0x000000790f800000,0x000000790f900000) (1024K)]
  0x000002554aa923f0 WatcherThread "VM Periodic Task Thread"        [id=56164, stack(0x000000790f700000,0x000000790f800000) (1024K)]
  0x000002552bc28210 WorkerThread "GC Thread#0"                     [id=39076, stack(0x000000790f200000,0x000000790f300000) (1024K)]
  0x000002559137f1b0 WorkerThread "GC Thread#1"                     [id=51792, stack(0x0000007910600000,0x0000007910700000) (1024K)]
  0x0000025591d85eb0 WorkerThread "GC Thread#2"                     [id=49612, stack(0x0000007910700000,0x0000007910800000) (1024K)]
  0x0000025591d86260 WorkerThread "GC Thread#3"                     [id=58136, stack(0x0000007910800000,0x0000007910900000) (1024K)]
  0x0000025591d86610 WorkerThread "GC Thread#4"                     [id=33996, stack(0x0000007910900000,0x0000007910a00000) (1024K)]
  0x0000025591f99c00 WorkerThread "GC Thread#5"                     [id=58620, stack(0x0000007910a00000,0x0000007910b00000) (1024K)]
  0x0000025591d92fc0 WorkerThread "GC Thread#6"                     [id=52956, stack(0x0000007910b00000,0x0000007910c00000) (1024K)]
  0x0000025591d93370 WorkerThread "GC Thread#7"                     [id=49864, stack(0x0000007910c00000,0x0000007910d00000) (1024K)]
  0x000002552bc3de90 ConcurrentGCThread "G1 Main Marker"            [id=48428, stack(0x000000790f300000,0x000000790f400000) (1024K)]
  0x000002552bc40480 WorkerThread "G1 Conc#0"                       [id=56192, stack(0x000000790f400000,0x000000790f500000) (1024K)]
  0x000002554a959be0 ConcurrentGCThread "G1 Refine#0"               [id=41932, stack(0x000000790f500000,0x000000790f600000) (1024K)]
  0x000002554a95d930 ConcurrentGCThread "G1 Service"                [id=49700, stack(0x000000790f600000,0x000000790f700000) (1024K)]
Total: 14

Threads with active compile tasks:
C2 CompilerThread0  7308 1335   !   4       sun.nio.cs.StreamDecoder::read (78 bytes)
Total: 1

VM state: not at safepoint (normal execution)

VM Mutex/Monitor currently owned by a thread: None

Heap address: 0x0000000703600000, size: 4042 MB, Compressed Oops mode: Zero based, Oop shift amount: 3

CDS archive(s) mapped at: [0x000002554c000000-0x000002554cd70000-0x000002554cd70000), size 14090240, SharedBaseAddress: 0x000002554c000000, ArchiveRelocationMode: 1.
Compressed class space mapped at: 0x000002554d000000-0x000002558d000000, reserved size: 1073741824
Narrow klass base: 0x000002554c000000, Narrow klass shift: 0, Narrow klass range: 0x41000000

GC Precious Log:
 CardTable entry size: 512
 Card Set container configuration: InlinePtr #cards 4 size 8 Array Of Cards #cards 16 size 48 Howl #buckets 8 coarsen threshold 3686 Howl Bitmap #cards 512 size 80 coarsen threshold 460 Card regions per heap region 1 cards per card region 4096
 CPUs: 8 total, 8 available
 Memory: 16167M
 Large Page Support: Disabled
 NUMA Support: Disabled
 Compressed Oops: Enabled (Zero based)
 Heap Region Size: 2M
 Heap Min Capacity: 8M
 Heap Initial Capacity: 254M
 Heap Max Capacity: 4042M
 Pre-touch: Disabled
 Parallel Workers: 8
 Concurrent Workers: 2
 Concurrent Refinement Workers: 8
 Periodic GC: Disabled

Heap:
 garbage-first heap   total reserved 4139008K, committed 260096K, used 8639K [0x0000000703600000, 0x0000000800000000)
  region size 2048K, 5 young (10240K), 2 survivors (4096K)
 Metaspace       used 6765K, committed 6976K, reserved 1114112K
  class space    used 800K, committed 896K, reserved 1048576K

Heap Regions: E=young(eden), S=young(survivor), O=old, HS=humongous(starts), HC=humongous(continues), CS=collection set, F=free, TAMS=top-at-mark-start, PB=parsable bottom
|   0|0x0000000703600000, 0x000000070366ff90, 0x0000000703800000| 21%| O|  |TAMS 0x0000000703600000| PB 0x0000000703600000| Untracked |  0
|   1|0x0000000703800000, 0x0000000703800000, 0x0000000703a00000|  0%| F|  |TAMS 0x0000000703800000| PB 0x0000000703800000| Untracked |  0
|   2|0x0000000703a00000, 0x0000000703a00000, 0x0000000703c00000|  0%| F|  |TAMS 0x0000000703a00000| PB 0x0000000703a00000| Untracked |  0
|   3|0x0000000703c00000, 0x0000000703c00000, 0x0000000703e00000|  0%| F|  |TAMS 0x0000000703c00000| PB 0x0000000703c00000| Untracked |  0
|   4|0x0000000703e00000, 0x0000000703e00000, 0x0000000704000000|  0%| F|  |TAMS 0x0000000703e00000| PB 0x0000000703e00000| Untracked |  0
|   5|0x0000000704000000, 0x0000000704000000, 0x0000000704200000|  0%| F|  |TAMS 0x0000000704000000| PB 0x0000000704000000| Untracked |  0
|   6|0x0000000704200000, 0x0000000704200000, 0x0000000704400000|  0%| F|  |TAMS 0x0000000704200000| PB 0x0000000704200000| Untracked |  0
|   7|0x0000000704400000, 0x0000000704400000, 0x0000000704600000|  0%| F|  |TAMS 0x0000000704400000| PB 0x0000000704400000| Untracked |  0
|   8|0x0000000704600000, 0x0000000704600000, 0x0000000704800000|  0%| F|  |TAMS 0x0000000704600000| PB 0x0000000704600000| Untracked |  0
|   9|0x0000000704800000, 0x0000000704800000, 0x0000000704a00000|  0%| F|  |TAMS 0x0000000704800000| PB 0x0000000704800000| Untracked |  0
|  10|0x0000000704a00000, 0x0000000704a00000, 0x0000000704c00000|  0%| F|  |TAMS 0x0000000704a00000| PB 0x0000000704a00000| Untracked |  0
|  11|0x0000000704c00000, 0x0000000704c00000, 0x0000000704e00000|  0%| F|  |TAMS 0x0000000704c00000| PB 0x0000000704c00000| Untracked |  0
|  12|0x0000000704e00000, 0x0000000704e00000, 0x0000000705000000|  0%| F|  |TAMS 0x0000000704e00000| PB 0x0000000704e00000| Untracked |  0
|  13|0x0000000705000000, 0x0000000705000000, 0x0000000705200000|  0%| F|  |TAMS 0x0000000705000000| PB 0x0000000705000000| Untracked |  0
|  14|0x0000000705200000, 0x0000000705200000, 0x0000000705400000|  0%| F|  |TAMS 0x0000000705200000| PB 0x0000000705200000| Untracked |  0
|  15|0x0000000705400000, 0x0000000705400000, 0x0000000705600000|  0%| F|  |TAMS 0x0000000705400000| PB 0x0000000705400000| Untracked |  0
|  16|0x0000000705600000, 0x0000000705600000, 0x0000000705800000|  0%| F|  |TAMS 0x0000000705600000| PB 0x0000000705600000| Untracked |  0
|  17|0x0000000705800000, 0x0000000705800000, 0x0000000705a00000|  0%| F|  |TAMS 0x0000000705800000| PB 0x0000000705800000| Untracked |  0
|  18|0x0000000705a00000, 0x0000000705a00000, 0x0000000705c00000|  0%| F|  |TAMS 0x0000000705a00000| PB 0x0000000705a00000| Untracked |  0
|  19|0x0000000705c00000, 0x0000000705c00000, 0x0000000705e00000|  0%| F|  |TAMS 0x0000000705c00000| PB 0x0000000705c00000| Untracked |  0
|  20|0x0000000705e00000, 0x0000000705e00000, 0x0000000706000000|  0%| F|  |TAMS 0x0000000705e00000| PB 0x0000000705e00000| Untracked |  0
|  21|0x0000000706000000, 0x0000000706000000, 0x0000000706200000|  0%| F|  |TAMS 0x0000000706000000| PB 0x0000000706000000| Untracked |  0
|  22|0x0000000706200000, 0x0000000706200000, 0x0000000706400000|  0%| F|  |TAMS 0x0000000706200000| PB 0x0000000706200000| Untracked |  0
|  23|0x0000000706400000, 0x0000000706400000, 0x0000000706600000|  0%| F|  |TAMS 0x0000000706400000| PB 0x0000000706400000| Untracked |  0
|  24|0x0000000706600000, 0x0000000706600000, 0x0000000706800000|  0%| F|  |TAMS 0x0000000706600000| PB 0x0000000706600000| Untracked |  0
|  25|0x0000000706800000, 0x0000000706800000, 0x0000000706a00000|  0%| F|  |TAMS 0x0000000706800000| PB 0x0000000706800000| Untracked |  0
|  26|0x0000000706a00000, 0x0000000706a00000, 0x0000000706c00000|  0%| F|  |TAMS 0x0000000706a00000| PB 0x0000000706a00000| Untracked |  0
|  27|0x0000000706c00000, 0x0000000706c00000, 0x0000000706e00000|  0%| F|  |TAMS 0x0000000706c00000| PB 0x0000000706c00000| Untracked |  0
|  28|0x0000000706e00000, 0x0000000706e00000, 0x0000000707000000|  0%| F|  |TAMS 0x0000000706e00000| PB 0x0000000706e00000| Untracked |  0
|  29|0x0000000707000000, 0x0000000707000000, 0x0000000707200000|  0%| F|  |TAMS 0x0000000707000000| PB 0x0000000707000000| Untracked |  0
|  30|0x0000000707200000, 0x0000000707200000, 0x0000000707400000|  0%| F|  |TAMS 0x0000000707200000| PB 0x0000000707200000| Untracked |  0
|  31|0x0000000707400000, 0x0000000707400000, 0x0000000707600000|  0%| F|  |TAMS 0x0000000707400000| PB 0x0000000707400000| Untracked |  0
|  32|0x0000000707600000, 0x0000000707600000, 0x0000000707800000|  0%| F|  |TAMS 0x0000000707600000| PB 0x0000000707600000| Untracked |  0
|  33|0x0000000707800000, 0x0000000707800000, 0x0000000707a00000|  0%| F|  |TAMS 0x0000000707800000| PB 0x0000000707800000| Untracked |  0
|  34|0x0000000707a00000, 0x0000000707a00000, 0x0000000707c00000|  0%| F|  |TAMS 0x0000000707a00000| PB 0x0000000707a00000| Untracked |  0
|  35|0x0000000707c00000, 0x0000000707c00000, 0x0000000707e00000|  0%| F|  |TAMS 0x0000000707c00000| PB 0x0000000707c00000| Untracked |  0
|  36|0x0000000707e00000, 0x0000000707e00000, 0x0000000708000000|  0%| F|  |TAMS 0x0000000707e00000| PB 0x0000000707e00000| Untracked |  0
|  37|0x0000000708000000, 0x0000000708000000, 0x0000000708200000|  0%| F|  |TAMS 0x0000000708000000| PB 0x0000000708000000| Untracked |  0
|  38|0x0000000708200000, 0x0000000708200000, 0x0000000708400000|  0%| F|  |TAMS 0x0000000708200000| PB 0x0000000708200000| Untracked |  0
|  39|0x0000000708400000, 0x0000000708400000, 0x0000000708600000|  0%| F|  |TAMS 0x0000000708400000| PB 0x0000000708400000| Untracked |  0
|  40|0x0000000708600000, 0x0000000708600000, 0x0000000708800000|  0%| F|  |TAMS 0x0000000708600000| PB 0x0000000708600000| Untracked |  0
|  41|0x0000000708800000, 0x0000000708800000, 0x0000000708a00000|  0%| F|  |TAMS 0x0000000708800000| PB 0x0000000708800000| Untracked |  0
|  42|0x0000000708a00000, 0x0000000708a00000, 0x0000000708c00000|  0%| F|  |TAMS 0x0000000708a00000| PB 0x0000000708a00000| Untracked |  0
|  43|0x0000000708c00000, 0x0000000708c00000, 0x0000000708e00000|  0%| F|  |TAMS 0x0000000708c00000| PB 0x0000000708c00000| Untracked |  0
|  44|0x0000000708e00000, 0x0000000708e00000, 0x0000000709000000|  0%| F|  |TAMS 0x0000000708e00000| PB 0x0000000708e00000| Untracked |  0
|  45|0x0000000709000000, 0x0000000709000000, 0x0000000709200000|  0%| F|  |TAMS 0x0000000709000000| PB 0x0000000709000000| Untracked |  0
|  46|0x0000000709200000, 0x0000000709200000, 0x0000000709400000|  0%| F|  |TAMS 0x0000000709200000| PB 0x0000000709200000| Untracked |  0
|  47|0x0000000709400000, 0x0000000709400000, 0x0000000709600000|  0%| F|  |TAMS 0x0000000709400000| PB 0x0000000709400000| Untracked |  0
|  48|0x0000000709600000, 0x0000000709600000, 0x0000000709800000|  0%| F|  |TAMS 0x0000000709600000| PB 0x0000000709600000| Untracked |  0
|  49|0x0000000709800000, 0x0000000709800000, 0x0000000709a00000|  0%| F|  |TAMS 0x0000000709800000| PB 0x0000000709800000| Untracked |  0
|  50|0x0000000709a00000, 0x0000000709a00000, 0x0000000709c00000|  0%| F|  |TAMS 0x0000000709a00000| PB 0x0000000709a00000| Untracked |  0
|  51|0x0000000709c00000, 0x0000000709c00000, 0x0000000709e00000|  0%| F|  |TAMS 0x0000000709c00000| PB 0x0000000709c00000| Untracked |  0
|  52|0x0000000709e00000, 0x0000000709e00000, 0x000000070a000000|  0%| F|  |TAMS 0x0000000709e00000| PB 0x0000000709e00000| Untracked |  0
|  53|0x000000070a000000, 0x000000070a000000, 0x000000070a200000|  0%| F|  |TAMS 0x000000070a000000| PB 0x000000070a000000| Untracked |  0
|  54|0x000000070a200000, 0x000000070a200000, 0x000000070a400000|  0%| F|  |TAMS 0x000000070a200000| PB 0x000000070a200000| Untracked |  0
|  55|0x000000070a400000, 0x000000070a400000, 0x000000070a600000|  0%| F|  |TAMS 0x000000070a400000| PB 0x000000070a400000| Untracked |  0
|  56|0x000000070a600000, 0x000000070a600000, 0x000000070a800000|  0%| F|  |TAMS 0x000000070a600000| PB 0x000000070a600000| Untracked |  0
|  57|0x000000070a800000, 0x000000070a800000, 0x000000070aa00000|  0%| F|  |TAMS 0x000000070a800000| PB 0x000000070a800000| Untracked |  0
|  58|0x000000070aa00000, 0x000000070aa00000, 0x000000070ac00000|  0%| F|  |TAMS 0x000000070aa00000| PB 0x000000070aa00000| Untracked |  0
|  59|0x000000070ac00000, 0x000000070ac00000, 0x000000070ae00000|  0%| F|  |TAMS 0x000000070ac00000| PB 0x000000070ac00000| Untracked |  0
|  60|0x000000070ae00000, 0x000000070ae00000, 0x000000070b000000|  0%| F|  |TAMS 0x000000070ae00000| PB 0x000000070ae00000| Untracked |  0
|  61|0x000000070b000000, 0x000000070b000000, 0x000000070b200000|  0%| F|  |TAMS 0x000000070b000000| PB 0x000000070b000000| Untracked |  0
|  62|0x000000070b200000, 0x000000070b200000, 0x000000070b400000|  0%| F|  |TAMS 0x000000070b200000| PB 0x000000070b200000| Untracked |  0
|  63|0x000000070b400000, 0x000000070b400000, 0x000000070b600000|  0%| F|  |TAMS 0x000000070b400000| PB 0x000000070b400000| Untracked |  0
|  64|0x000000070b600000, 0x000000070b600000, 0x000000070b800000|  0%| F|  |TAMS 0x000000070b600000| PB 0x000000070b600000| Untracked |  0
|  65|0x000000070b800000, 0x000000070b800000, 0x000000070ba00000|  0%| F|  |TAMS 0x000000070b800000| PB 0x000000070b800000| Untracked |  0
|  66|0x000000070ba00000, 0x000000070ba00000, 0x000000070bc00000|  0%| F|  |TAMS 0x000000070ba00000| PB 0x000000070ba00000| Untracked |  0
|  67|0x000000070bc00000, 0x000000070bc00000, 0x000000070be00000|  0%| F|  |TAMS 0x000000070bc00000| PB 0x000000070bc00000| Untracked |  0
|  68|0x000000070be00000, 0x000000070be00000, 0x000000070c000000|  0%| F|  |TAMS 0x000000070be00000| PB 0x000000070be00000| Untracked |  0
|  69|0x000000070c000000, 0x000000070c000000, 0x000000070c200000|  0%| F|  |TAMS 0x000000070c000000| PB 0x000000070c000000| Untracked |  0
|  70|0x000000070c200000, 0x000000070c200000, 0x000000070c400000|  0%| F|  |TAMS 0x000000070c200000| PB 0x000000070c200000| Untracked |  0
|  71|0x000000070c400000, 0x000000070c400000, 0x000000070c600000|  0%| F|  |TAMS 0x000000070c400000| PB 0x000000070c400000| Untracked |  0
|  72|0x000000070c600000, 0x000000070c600000, 0x000000070c800000|  0%| F|  |TAMS 0x000000070c600000| PB 0x000000070c600000| Untracked |  0
|  73|0x000000070c800000, 0x000000070c800000, 0x000000070ca00000|  0%| F|  |TAMS 0x000000070c800000| PB 0x000000070c800000| Untracked |  0
|  74|0x000000070ca00000, 0x000000070ca00000, 0x000000070cc00000|  0%| F|  |TAMS 0x000000070ca00000| PB 0x000000070ca00000| Untracked |  0
|  75|0x000000070cc00000, 0x000000070cc00000, 0x000000070ce00000|  0%| F|  |TAMS 0x000000070cc00000| PB 0x000000070cc00000| Untracked |  0
|  76|0x000000070ce00000, 0x000000070ce00000, 0x000000070d000000|  0%| F|  |TAMS 0x000000070ce00000| PB 0x000000070ce00000| Untracked |  0
|  77|0x000000070d000000, 0x000000070d000000, 0x000000070d200000|  0%| F|  |TAMS 0x000000070d000000| PB 0x000000070d000000| Untracked |  0
|  78|0x000000070d200000, 0x000000070d200000, 0x000000070d400000|  0%| F|  |TAMS 0x000000070d200000| PB 0x000000070d200000| Untracked |  0
|  79|0x000000070d400000, 0x000000070d400000, 0x000000070d600000|  0%| F|  |TAMS 0x000000070d400000| PB 0x000000070d400000| Untracked |  0
|  80|0x000000070d600000, 0x000000070d600000, 0x000000070d800000|  0%| F|  |TAMS 0x000000070d600000| PB 0x000000070d600000| Untracked |  0
|  81|0x000000070d800000, 0x000000070d800000, 0x000000070da00000|  0%| F|  |TAMS 0x000000070d800000| PB 0x000000070d800000| Untracked |  0
|  82|0x000000070da00000, 0x000000070da00000, 0x000000070dc00000|  0%| F|  |TAMS 0x000000070da00000| PB 0x000000070da00000| Untracked |  0
|  83|0x000000070dc00000, 0x000000070dc00000, 0x000000070de00000|  0%| F|  |TAMS 0x000000070dc00000| PB 0x000000070dc00000| Untracked |  0
|  84|0x000000070de00000, 0x000000070de00000, 0x000000070e000000|  0%| F|  |TAMS 0x000000070de00000| PB 0x000000070de00000| Untracked |  0
|  85|0x000000070e000000, 0x000000070e000000, 0x000000070e200000|  0%| F|  |TAMS 0x000000070e000000| PB 0x000000070e000000| Untracked |  0
|  86|0x000000070e200000, 0x000000070e200000, 0x000000070e400000|  0%| F|  |TAMS 0x000000070e200000| PB 0x000000070e200000| Untracked |  0
|  87|0x000000070e400000, 0x000000070e400000, 0x000000070e600000|  0%| F|  |TAMS 0x000000070e400000| PB 0x000000070e400000| Untracked |  0
|  88|0x000000070e600000, 0x000000070e600000, 0x000000070e800000|  0%| F|  |TAMS 0x000000070e600000| PB 0x000000070e600000| Untracked |  0
|  89|0x000000070e800000, 0x000000070e800000, 0x000000070ea00000|  0%| F|  |TAMS 0x000000070e800000| PB 0x000000070e800000| Untracked |  0
|  90|0x000000070ea00000, 0x000000070ea00000, 0x000000070ec00000|  0%| F|  |TAMS 0x000000070ea00000| PB 0x000000070ea00000| Untracked |  0
|  91|0x000000070ec00000, 0x000000070ec00000, 0x000000070ee00000|  0%| F|  |TAMS 0x000000070ec00000| PB 0x000000070ec00000| Untracked |  0
|  92|0x000000070ee00000, 0x000000070ee00000, 0x000000070f000000|  0%| F|  |TAMS 0x000000070ee00000| PB 0x000000070ee00000| Untracked |  0
|  93|0x000000070f000000, 0x000000070f000000, 0x000000070f200000|  0%| F|  |TAMS 0x000000070f000000| PB 0x000000070f000000| Untracked |  0
|  94|0x000000070f200000, 0x000000070f200000, 0x000000070f400000|  0%| F|  |TAMS 0x000000070f200000| PB 0x000000070f200000| Untracked |  0
|  95|0x000000070f400000, 0x000000070f400000, 0x000000070f600000|  0%| F|  |TAMS 0x000000070f400000| PB 0x000000070f400000| Untracked |  0
|  96|0x000000070f600000, 0x000000070f600000, 0x000000070f800000|  0%| F|  |TAMS 0x000000070f600000| PB 0x000000070f600000| Untracked |  0
|  97|0x000000070f800000, 0x000000070f800000, 0x000000070fa00000|  0%| F|  |TAMS 0x000000070f800000| PB 0x000000070f800000| Untracked |  0
|  98|0x000000070fa00000, 0x000000070fa00000, 0x000000070fc00000|  0%| F|  |TAMS 0x000000070fa00000| PB 0x000000070fa00000| Untracked |  0
|  99|0x000000070fc00000, 0x000000070fc00000, 0x000000070fe00000|  0%| F|  |TAMS 0x000000070fc00000| PB 0x000000070fc00000| Untracked |  0
| 100|0x000000070fe00000, 0x000000070fe00000, 0x0000000710000000|  0%| F|  |TAMS 0x000000070fe00000| PB 0x000000070fe00000| Untracked |  0
| 101|0x0000000710000000, 0x0000000710000000, 0x0000000710200000|  0%| F|  |TAMS 0x0000000710000000| PB 0x0000000710000000| Untracked |  0
| 102|0x0000000710200000, 0x0000000710200000, 0x0000000710400000|  0%| F|  |TAMS 0x0000000710200000| PB 0x0000000710200000| Untracked |  0
| 103|0x0000000710400000, 0x0000000710400000, 0x0000000710600000|  0%| F|  |TAMS 0x0000000710400000| PB 0x0000000710400000| Untracked |  0
| 104|0x0000000710600000, 0x0000000710600000, 0x0000000710800000|  0%| F|  |TAMS 0x0000000710600000| PB 0x0000000710600000| Untracked |  0
| 105|0x0000000710800000, 0x0000000710800000, 0x0000000710a00000|  0%| F|  |TAMS 0x0000000710800000| PB 0x0000000710800000| Untracked |  0
| 106|0x0000000710a00000, 0x0000000710a00000, 0x0000000710c00000|  0%| F|  |TAMS 0x0000000710a00000| PB 0x0000000710a00000| Untracked |  0
| 107|0x0000000710c00000, 0x0000000710c00000, 0x0000000710e00000|  0%| F|  |TAMS 0x0000000710c00000| PB 0x0000000710c00000| Untracked |  0
| 108|0x0000000710e00000, 0x0000000710e00000, 0x0000000711000000|  0%| F|  |TAMS 0x0000000710e00000| PB 0x0000000710e00000| Untracked |  0
| 109|0x0000000711000000, 0x0000000711000000, 0x0000000711200000|  0%| F|  |TAMS 0x0000000711000000| PB 0x0000000711000000| Untracked |  0
| 110|0x0000000711200000, 0x0000000711200000, 0x0000000711400000|  0%| F|  |TAMS 0x0000000711200000| PB 0x0000000711200000| Untracked |  0
| 111|0x0000000711400000, 0x0000000711400000, 0x0000000711600000|  0%| F|  |TAMS 0x0000000711400000| PB 0x0000000711400000| Untracked |  0
| 112|0x0000000711600000, 0x0000000711600000, 0x0000000711800000|  0%| F|  |TAMS 0x0000000711600000| PB 0x0000000711600000| Untracked |  0
| 113|0x0000000711800000, 0x0000000711a00000, 0x0000000711a00000|100%| S|CS|TAMS 0x0000000711800000| PB 0x0000000711800000| Complete |  0
| 114|0x0000000711a00000, 0x0000000711c00000, 0x0000000711c00000|100%| S|CS|TAMS 0x0000000711a00000| PB 0x0000000711a00000| Complete |  0
| 115|0x0000000711c00000, 0x0000000711c00000, 0x0000000711e00000|  0%| F|  |TAMS 0x0000000711c00000| PB 0x0000000711c00000| Untracked |  0
| 116|0x0000000711e00000, 0x0000000711e00000, 0x0000000712000000|  0%| F|  |TAMS 0x0000000711e00000| PB 0x0000000711e00000| Untracked |  0
| 117|0x0000000712000000, 0x0000000712000000, 0x0000000712200000|  0%| F|  |TAMS 0x0000000712000000| PB 0x0000000712000000| Untracked |  0
| 118|0x0000000712200000, 0x0000000712200000, 0x0000000712400000|  0%| F|  |TAMS 0x0000000712200000| PB 0x0000000712200000| Untracked |  0
| 119|0x0000000712400000, 0x0000000712400000, 0x0000000712600000|  0%| F|  |TAMS 0x0000000712400000| PB 0x0000000712400000| Untracked |  0
| 120|0x0000000712600000, 0x0000000712600000, 0x0000000712800000|  0%| F|  |TAMS 0x0000000712600000| PB 0x0000000712600000| Untracked |  0
| 121|0x0000000712800000, 0x0000000712800000, 0x0000000712a00000|  0%| F|  |TAMS 0x0000000712800000| PB 0x0000000712800000| Untracked |  0
| 122|0x0000000712a00000, 0x0000000712a00000, 0x0000000712c00000|  0%| F|  |TAMS 0x0000000712a00000| PB 0x0000000712a00000| Untracked |  0
| 123|0x0000000712c00000, 0x0000000712c00000, 0x0000000712e00000|  0%| F|  |TAMS 0x0000000712c00000| PB 0x0000000712c00000| Untracked |  0
| 124|0x0000000712e00000, 0x0000000712fe6588, 0x0000000713000000| 94%| E|  |TAMS 0x0000000712e00000| PB 0x0000000712e00000| Complete |  0
| 125|0x0000000713000000, 0x0000000713200000, 0x0000000713200000|100%| E|CS|TAMS 0x0000000713000000| PB 0x0000000713000000| Complete |  0
| 126|0x0000000713200000, 0x0000000713400000, 0x0000000713400000|100%| E|CS|TAMS 0x0000000713200000| PB 0x0000000713200000| Complete |  0

Card table byte_map: [0x0000025543ef0000,0x00000255446e0000] _byte_map_base: 0x00000255406d5000

Marking Bits: (CMBitMap*) 0x000002552bc29840
 Bits: [0x00000255446e0000, 0x0000025548608000)

Polling page: 0x0000025529880000

Metaspace:

Usage:
  Non-class:      5.83 MB used.
      Class:    800.47 KB used.
       Both:      6.61 MB used.

Virtual space:
  Non-class space:       64.00 MB reserved,       5.94 MB (  9%) committed,  1 nodes.
      Class space:        1.00 GB reserved,     896.00 KB ( <1%) committed,  1 nodes.
             Both:        1.06 GB reserved,       6.81 MB ( <1%) committed. 

Chunk freelists:
   Non-Class:  9.14 MB
       Class:  15.01 MB
        Both:  24.15 MB

MaxMetaspaceSize: unlimited
CompressedClassSpaceSize: 1.00 GB
Initial GC threshold: 21.00 MB
Current GC threshold: 21.00 MB
CDS: on
 - commit_granule_bytes: 65536.
 - commit_granule_words: 8192.
 - virtual_space_node_default_size: 8388608.
 - enlarge_chunks_in_place: 1.
 - use_allocation_guard: 0.


Internal statistics:

num_allocs_failed_limit: 0.
num_arena_births: 60.
num_arena_deaths: 0.
num_vsnodes_births: 2.
num_vsnodes_deaths: 0.
num_space_committed: 109.
num_space_uncommitted: 0.
num_chunks_returned_to_freelist: 0.
num_chunks_taken_from_freelist: 198.
num_chunk_merges: 0.
num_chunk_splits: 144.
num_chunks_enlarged: 121.
num_inconsistent_stats: 0.

CodeHeap 'non-profiled nmethods': size=120064Kb used=514Kb max_used=514Kb free=119549Kb
 bounds [0x000002553bd80000, 0x000002553bff0000, 0x00000255432c0000]
CodeHeap 'profiled nmethods': size=120000Kb used=2188Kb max_used=2188Kb free=117811Kb
 bounds [0x00000255342c0000, 0x0000025534530000, 0x000002553b7f0000]
CodeHeap 'non-nmethods': size=5696Kb used=1490Kb max_used=1532Kb free=4205Kb
 bounds [0x000002553b7f0000, 0x000002553ba60000, 0x000002553bd80000]
CodeCache: size=245760Kb, used=4192Kb, max_used=4234Kb, free=241565Kb
 total_blobs=2049, nmethods=1560, adapters=395, full_count=0
Compilation: enabled, stopped_count=0, restarted_count=0

Compilation events (20 events):
Event: 1.658 Thread 0x000002554b139b90 1353       3       org.codehaus.plexus.util.xml.pull.MXParser::isWhitespace (116 bytes)
Event: 1.660 Thread 0x000002554b139b90 nmethod 1353 0x00000255344a2708 code [0x00000255344a28a0, 0x00000255344a3070]
Event: 1.660 Thread 0x000002554b139b90 1354       3       org.codehaus.plexus.util.xml.pull.MXParser::nextTag (82 bytes)
Event: 1.660 Thread 0x000002554b7e4630 nmethod 1348 0x000002553bde3988 code [0x000002553bde3aa0, 0x000002553bde3be0]
Event: 1.660 Thread 0x000002554b7e4630 1349       4       java.nio.ByteBuffer::arrayOffset (35 bytes)
Event: 1.661 Thread 0x000002554b139b90 nmethod 1354 0x00000255344a3108 code [0x00000255344a3320, 0x00000255344a3ce8]
Event: 1.661 Thread 0x000002554b7e4630 nmethod 1349 0x000002553bde3c88 code [0x000002553bde3d80, 0x000002553bde3e38]
Event: 1.661 Thread 0x000002554b7e4630 1337       4       java.nio.CharBuffer::arrayOffset (35 bytes)
Event: 1.662 Thread 0x000002554b7e4630 nmethod 1337 0x000002553bde3f88 code [0x000002553bde4080, 0x000002553bde4138]
Event: 1.662 Thread 0x000002554b7e4630 1350       4       java.nio.CharBuffer::position (6 bytes)
Event: 1.663 Thread 0x000002554b139b90 1355       3       org.codehaus.plexus.util.xml.pull.MXParser::ensureElementsCapacity (265 bytes)
Event: 1.663 Thread 0x000002554b7e4630 nmethod 1350 0x000002553bde4288 code [0x000002553bde4380, 0x000002553bde4470]
Event: 1.663 Thread 0x000002554b7e4630 1338       4       java.io.InputStreamReader::read (11 bytes)
Event: 1.664 Thread 0x000002554b139b90 nmethod 1355 0x00000255344a3d88 code [0x00000255344a3f80, 0x00000255344a4fc8]
Event: 1.664 Thread 0x000002554b139b90 1357       3       org.codehaus.plexus.util.xml.pull.MXParser::newString (11 bytes)
Event: 1.664 Thread 0x000002554b139b90 nmethod 1357 0x00000255344a5008 code [0x00000255344a5120, 0x00000255344a52c8]
Event: 1.666 Thread 0x000002554b139b90 1358       3       java.util.TreeMap$PrivateEntryIterator::<init> (28 bytes)
Event: 1.666 Thread 0x000002554b139b90 nmethod 1358 0x00000255344a5308 code [0x00000255344a5420, 0x00000255344a5690]
Event: 1.667 Thread 0x000002554b139b90 1359       3       org.codehaus.plexus.util.xml.pull.MXParser::getName (84 bytes)
Event: 1.668 Thread 0x000002554b139b90 nmethod 1359 0x00000255344a5708 code [0x00000255344a5860, 0x00000255344a5c00]

GC Heap History (0 events):
No events

Dll operation events (12 events):
Event: 0.022 Loaded shared library C:\Users\Binod kumar\.jdks\openjdk-23.0.2\bin\java.dll
Event: 0.080 Loaded shared library C:\Users\Binod kumar\.jdks\openjdk-23.0.2\bin\jsvml.dll
Event: 0.154 Loaded shared library C:\Users\Binod kumar\.jdks\openjdk-23.0.2\bin\zip.dll
Event: 0.160 Loaded shared library C:\Users\Binod kumar\.jdks\openjdk-23.0.2\bin\instrument.dll
Event: 0.168 Loaded shared library C:\Users\Binod kumar\.jdks\openjdk-23.0.2\bin\net.dll
Event: 0.174 Loaded shared library C:\Users\Binod kumar\.jdks\openjdk-23.0.2\bin\nio.dll
Event: 0.179 Loaded shared library C:\Users\Binod kumar\.jdks\openjdk-23.0.2\bin\zip.dll
Event: 0.202 Loaded shared library C:\Program Files\JetBrains\IntelliJ IDEA Community Edition 2023.1.3\bin\breakgen64.dll
Event: 0.219 Loaded shared library C:\Users\Binod kumar\.jdks\openjdk-23.0.2\bin\extnet.dll
Event: 0.383 Loaded shared library C:\Users\Binod kumar\.jdks\openjdk-23.0.2\bin\verify.dll
Event: 0.429 Loaded shared library C:\Users\Binod kumar\.jdks\openjdk-23.0.2\bin\jimage.dll
Event: 0.770 Loaded shared library C:\Users\Binod kumar\AppData\Local\Temp\jansi-1.17.1-14869204886650845145.dll

Deoptimization events (20 events):
Event: 1.056 Thread 0x00000255295c7a00 DEOPT PACKING pc=0x000002553433290d sp=0x000000790f0fdc30
Event: 1.057 Thread 0x00000255295c7a00 DEOPT UNPACKING pc=0x000002553b8484c2 sp=0x000000790f0fd080 mode 0
Event: 1.141 Thread 0x00000255295c7a00 DEOPT PACKING pc=0x000002553435825e sp=0x000000790f0fd0e0
Event: 1.141 Thread 0x00000255295c7a00 DEOPT UNPACKING pc=0x000002553b8484c2 sp=0x000000790f0fc518 mode 0
Event: 1.346 Thread 0x00000255295c7a00 Uncommon trap: trap_request=0xffffffc6 fr.pc=0x000002553bdbefc0 relative=0x0000000000000ae0
Event: 1.346 Thread 0x00000255295c7a00 Uncommon trap: reason=bimorphic_or_optimized_type_check action=maybe_recompile pc=0x000002553bdbefc0 method=java.util.HashMap.putVal(ILjava/lang/Object;Ljava/lang/Object;ZZ)Ljava/lang/Object; @ 91 c2
Event: 1.346 Thread 0x00000255295c7a00 DEOPT PACKING pc=0x000002553bdbefc0 sp=0x000000790f0fe890
Event: 1.346 Thread 0x00000255295c7a00 DEOPT UNPACKING pc=0x000002553b847982 sp=0x000000790f0fe7c8 mode 2
Event: 1.353 Thread 0x00000255295c7a00 Uncommon trap: trap_request=0xffffffc6 fr.pc=0x000002553bdbefc0 relative=0x0000000000000ae0
Event: 1.353 Thread 0x00000255295c7a00 Uncommon trap: reason=bimorphic_or_optimized_type_check action=maybe_recompile pc=0x000002553bdbefc0 method=java.util.HashMap.putVal(ILjava/lang/Object;Ljava/lang/Object;ZZ)Ljava/lang/Object; @ 91 c2
Event: 1.353 Thread 0x00000255295c7a00 DEOPT PACKING pc=0x000002553bdbefc0 sp=0x000000790f0fe770
Event: 1.353 Thread 0x00000255295c7a00 DEOPT UNPACKING pc=0x000002553b847982 sp=0x000000790f0fe6a8 mode 2
Event: 1.592 Thread 0x00000255295c7a00 Uncommon trap: trap_request=0xffffff6e fr.pc=0x000002553bdc9578 relative=0x0000000000000458
Event: 1.592 Thread 0x00000255295c7a00 Uncommon trap: reason=loop_limit_check action=maybe_recompile pc=0x000002553bdc9578 method=java.lang.StringLatin1.indexOf([BI[BII)I @ 37 c2
Event: 1.592 Thread 0x00000255295c7a00 DEOPT PACKING pc=0x000002553bdc9578 sp=0x000000790f0fdce0
Event: 1.592 Thread 0x00000255295c7a00 DEOPT UNPACKING pc=0x000002553b847982 sp=0x000000790f0fdc40 mode 2
Event: 1.599 Thread 0x00000255295c7a00 Uncommon trap: trap_request=0xffffff45 fr.pc=0x000002553bdbd1b4 relative=0x00000000000000b4
Event: 1.599 Thread 0x00000255295c7a00 Uncommon trap: reason=unstable_if action=reinterpret pc=0x000002553bdbd1b4 method=org.codehaus.plexus.util.xml.pull.MXParser.more()C @ 8 c2
Event: 1.599 Thread 0x00000255295c7a00 DEOPT PACKING pc=0x000002553bdbd1b4 sp=0x000000790f0fe2e0
Event: 1.599 Thread 0x00000255295c7a00 DEOPT UNPACKING pc=0x000002553b847982 sp=0x000000790f0fe270 mode 2

Classes loaded (20 events):
Event: 1.551 Loading class sun/reflect/generics/repository/AbstractRepository
Event: 1.551 Loading class sun/reflect/generics/repository/AbstractRepository done
Event: 1.551 Loading class sun/reflect/generics/repository/GenericDeclRepository done
Event: 1.551 Loading class sun/reflect/generics/repository/ClassRepository done
Event: 1.551 Loading class java/lang/reflect/TypeVariable
Event: 1.551 Loading class java/lang/reflect/TypeVariable done
Event: 1.551 Loading class sun/reflect/generics/tree/FormalTypeParameter
Event: 1.551 Loading class sun/reflect/generics/tree/FormalTypeParameter done
Event: 1.551 Loading class sun/reflect/generics/tree/ClassSignature
Event: 1.551 Loading class sun/reflect/generics/tree/Signature
Event: 1.551 Loading class sun/reflect/generics/tree/Signature done
Event: 1.551 Loading class sun/reflect/generics/tree/ClassSignature done
Event: 1.551 Loading class java/lang/reflect/WildcardType
Event: 1.551 Loading class java/lang/reflect/WildcardType done
Event: 1.555 Loading class sun/reflect/generics/tree/TypeVariableSignature
Event: 1.556 Loading class sun/reflect/generics/tree/TypeVariableSignature done
Event: 1.581 Loading class java/lang/annotation/IncompleteAnnotationException
Event: 1.581 Loading class java/lang/annotation/IncompleteAnnotationException done
Event: 1.669 Loading class java/lang/foreign/MemorySegment
Event: 1.670 Loading class java/lang/foreign/MemorySegment done

Classes unloaded (0 events):
No events

Classes redefined (0 events):
No events

Internal exceptions (6 events):
Event: 0.196 Thread 0x00000255295c7a00 Exception <a 'java/lang/NoSuchMethodError'{0x0000000713067c18}: 'java.lang.Object java.lang.invoke.Invokers$Holder.invokeExact_MT(java.lang.Object, java.lang.Object, java.lang.Object, java.lang.Object, java.lang.Object)'> (0x0000000713067c18) 
thrown [s\open\src\hotspot\share\interpreter\linkResolver.cpp, line 796]
Event: 0.221 Thread 0x000002554b3af930 Exception <a 'java/lang/NoSuchMethodError'{0x0000000713083d00}: 'void java.lang.invoke.DirectMethodHandle$Holder.invokeStatic(java.lang.Object, java.lang.Object)'> (0x0000000713083d00) 
thrown [s\open\src\hotspot\share\interpreter\linkResolver.cpp, line 796]
Event: 0.491 Thread 0x00000255295c7a00 Exception <a 'java/lang/NoSuchMethodError'{0x0000000712c00900}: 'java.lang.Object java.lang.invoke.DirectMethodHandle$Holder.invokeStaticInit(java.lang.Object, int, int, int, int)'> (0x0000000712c00900) 
thrown [s\open\src\hotspot\share\interpreter\linkResolver.cpp, line 796]
Event: 0.562 Thread 0x00000255295c7a00 Exception <a 'java/lang/NoSuchMethodError'{0x0000000712cc73f8}: 'java.lang.Object java.lang.invoke.DirectMethodHandle$Holder.invokeStaticInit(java.lang.Object, java.lang.Object, int, int, int, int)'> (0x0000000712cc73f8) 
thrown [s\open\src\hotspot\share\interpreter\linkResolver.cpp, line 796]
Event: 1.431 Thread 0x00000255295c7a00 Exception <a 'java/lang/NoSuchMethodError'{0x000000071236a7d0}: 'void java.lang.invoke.DirectMethodHandle$Holder.invokeSpecial(java.lang.Object, java.lang.Object, java.lang.Object)'> (0x000000071236a7d0) 
thrown [s\open\src\hotspot\share\interpreter\linkResolver.cpp, line 796]
Event: 1.436 Thread 0x00000255295c7a00 Exception <a 'java/lang/NoSuchMethodError'{0x0000000712374168}: 'void java.lang.invoke.DirectMethodHandle$Holder.invokeStatic(java.lang.Object, int, java.lang.Object)'> (0x0000000712374168) 
thrown [s\open\src\hotspot\share\interpreter\linkResolver.cpp, line 796]

VM Operations (10 events):
Event: 0.130 Executing VM operation: HandshakeAllThreads (Deoptimize)
Event: 0.131 Executing VM operation: HandshakeAllThreads (Deoptimize) done
Event: 0.379 Executing VM operation: HandshakeAllThreads (Deoptimize)
Event: 0.379 Executing VM operation: HandshakeAllThreads (Deoptimize) done
Event: 0.573 Executing VM operation: HandshakeAllThreads (Deoptimize)
Event: 0.573 Executing VM operation: HandshakeAllThreads (Deoptimize) done
Event: 0.804 Executing VM operation: HandshakeAllThreads (Deoptimize)
Event: 0.804 Executing VM operation: HandshakeAllThreads (Deoptimize) done
Event: 0.924 Executing VM operation: HandshakeAllThreads (Deoptimize)
Event: 0.924 Executing VM operation: HandshakeAllThreads (Deoptimize) done

Memory protections (0 events):
No events

Nmethod flushes (0 events):
No events

Events (18 events):
Event: 0.044 Thread 0x00000255295c7a00 Thread added: 0x00000255295c7a00
Event: 0.073 Thread 0x00000255295c7a00 Thread added: 0x000002554b126140
Event: 0.073 Thread 0x00000255295c7a00 Thread added: 0x000002554b126ba0
Event: 0.073 Thread 0x00000255295c7a00 Thread added: 0x000002554b129f50
Event: 0.073 Thread 0x00000255295c7a00 Thread added: 0x000002554aabcee0
Event: 0.074 Thread 0x00000255295c7a00 Thread added: 0x000002554aabd550
Event: 0.074 Thread 0x00000255295c7a00 Thread added: 0x000002554aabe0e0
Event: 0.074 Thread 0x00000255295c7a00 Thread added: 0x000002554b138cd0
Event: 0.074 Thread 0x00000255295c7a00 Thread added: 0x000002554b139b90
Event: 0.120 Thread 0x00000255295c7a00 Thread added: 0x000002554b249080
Event: 0.146 Thread 0x000002554b139b90 Thread added: 0x000002554b345980
Event: 0.204 Thread 0x00000255295c7a00 Thread added: 0x000002554b3af930
Event: 0.204 Thread 0x00000255295c7a00 Thread added: 0x000002554b3affa0
Event: 0.741 Thread 0x000002554b345980 Thread exited: 0x000002554b345980
Event: 0.983 Thread 0x000002554b139b90 Thread added: 0x000002554b79b700
Event: 1.411 Thread 0x000002554b79b700 Thread exited: 0x000002554b79b700
Event: 1.624 Thread 0x000002554b139b90 Thread added: 0x000002554b80c5f0
Event: 1.649 Thread 0x000002554b139b90 Thread added: 0x000002554b7e4630


Dynamic libraries:
0x00007ff73afb0000 - 0x00007ff73afbe000 	C:\Users\Binod kumar\.jdks\openjdk-23.0.2\bin\java.exe
0x00007ff95f180000 - 0x00007ff95f3e7000 	C:\WINDOWS\SYSTEM32\ntdll.dll
0x00007ff95de00000 - 0x00007ff95dec9000 	C:\WINDOWS\System32\KERNEL32.DLL
0x00007ff95bbb0000 - 0x00007ff95bfa7000 	C:\WINDOWS\System32\KERNELBASE.dll
0x00007ff95c0e0000 - 0x00007ff95c22b000 	C:\WINDOWS\System32\ucrtbase.dll
0x00007ff945d30000 - 0x00007ff945d47000 	C:\Users\Binod kumar\.jdks\openjdk-23.0.2\bin\jli.dll
0x00007ff95dc30000 - 0x00007ff95ddf6000 	C:\WINDOWS\System32\USER32.dll
0x00007ff95cd50000 - 0x00007ff95cd77000 	C:\WINDOWS\System32\win32u.dll
0x00007ff95e6c0000 - 0x00007ff95e6eb000 	C:\WINDOWS\System32\GDI32.dll
0x00007ff95bfb0000 - 0x00007ff95c0dc000 	C:\WINDOWS\System32\gdi32full.dll
0x00007ff95cc10000 - 0x00007ff95ccb3000 	C:\WINDOWS\System32\msvcp_win.dll
0x00007ff942940000 - 0x00007ff94295b000 	C:\Users\Binod kumar\.jdks\openjdk-23.0.2\bin\VCRUNTIME140.dll
0x00007ff941ee0000 - 0x00007ff942172000 	C:\WINDOWS\WinSxS\amd64_microsoft.windows.common-controls_6595b64144ccf1df_6.0.26100.8457_none_3e0b2faee331e92d\COMCTL32.dll
0x00007ff95df90000 - 0x00007ff95e039000 	C:\WINDOWS\System32\msvcrt.dll
0x00007ff95dbf0000 - 0x00007ff95dc22000 	C:\WINDOWS\System32\IMM32.DLL
0x00007ff93cba0000 - 0x00007ff93cd3e000 	C:\Program Files (x86)\Citrix\ICA Client\ctxapclient64.dll
0x00007ff95e300000 - 0x00007ff95e683000 	C:\WINDOWS\System32\combase.dll
0x00007ff95eab0000 - 0x00007ff95ebc8000 	C:\WINDOWS\System32\RPCRT4.dll
0x00007ff95baa0000 - 0x00007ff95baca000 	C:\WINDOWS\SYSTEM32\bcrypt.dll
0x00007ff95e700000 - 0x00007ff95e7a7000 	C:\WINDOWS\System32\sechost.dll
0x00007ff94ead0000 - 0x00007ff94eadb000 	C:\WINDOWS\SYSTEM32\VERSION.dll
0x00007ff95ded0000 - 0x00007ff95df86000 	C:\WINDOWS\System32\ADVAPI32.dll
0x00007ff95aa60000 - 0x00007ff95aa96000 	C:\WINDOWS\SYSTEM32\ntmarta.dll
0x000002552b1c0000 - 0x000002552b268000 	C:\WINDOWS\System32\bcryptprimitives.dll
0x00007ff950ff0000 - 0x00007ff950ffc000 	C:\Users\Binod kumar\.jdks\openjdk-23.0.2\bin\vcruntime140_1.dll
0x00007ff9258c0000 - 0x00007ff92594e000 	C:\Users\Binod kumar\.jdks\openjdk-23.0.2\bin\msvcp140.dll
0x00007ff8840c0000 - 0x00007ff884e10000 	C:\Users\Binod kumar\.jdks\openjdk-23.0.2\bin\server\jvm.dll
0x00007ff95ea20000 - 0x00007ff95eaa0000 	C:\WINDOWS\System32\WS2_32.dll
0x00007ff95ba10000 - 0x00007ff95ba6e000 	C:\WINDOWS\SYSTEM32\POWRPROF.dll
0x00007ff94ecd0000 - 0x00007ff94ed06000 	C:\WINDOWS\SYSTEM32\WINMM.dll
0x00007ff95b9f0000 - 0x00007ff95ba04000 	C:\WINDOWS\SYSTEM32\UMPDC.dll
0x00007ff95a940000 - 0x00007ff95a95b000 	C:\WINDOWS\SYSTEM32\kernel.appcore.dll
0x00007ff94de40000 - 0x00007ff94de4a000 	C:\Users\Binod kumar\.jdks\openjdk-23.0.2\bin\jimage.dll
0x00007ff9598f0000 - 0x00007ff959b32000 	C:\WINDOWS\SYSTEM32\DBGHELP.DLL
0x000002552b270000 - 0x000002552b349000 	C:\WINDOWS\System32\OLEAUT32.dll
0x00007ff94ebc0000 - 0x00007ff94ebfb000 	C:\WINDOWS\SYSTEM32\dbgcore.DLL
0x00007ff958c50000 - 0x00007ff958c5f000 	C:\Users\Binod kumar\.jdks\openjdk-23.0.2\bin\instrument.dll
0x00007ff942420000 - 0x00007ff94243e000 	C:\Users\Binod kumar\.jdks\openjdk-23.0.2\bin\java.dll
0x00007ff95d680000 - 0x00007ff95d817000 	C:\WINDOWS\System32\ole32.dll
0x00007ff95cf00000 - 0x00007ff95d66e000 	C:\WINDOWS\System32\SHELL32.dll
0x00007ff95c3a0000 - 0x00007ff95cc0c000 	C:\WINDOWS\System32\windows.storage.dll
0x00007ff95e8a0000 - 0x00007ff95e996000 	C:\WINDOWS\System32\SHCORE.dll
0x00007ff95e830000 - 0x00007ff95e896000 	C:\WINDOWS\System32\shlwapi.dll
0x00007ff95bad0000 - 0x00007ff95baf9000 	C:\WINDOWS\SYSTEM32\profapi.dll
0x00007ff91ec20000 - 0x00007ff91ecf7000 	C:\Users\Binod kumar\.jdks\openjdk-23.0.2\bin\jsvml.dll
0x00007ff93df60000 - 0x00007ff93df77000 	C:\Users\Binod kumar\.jdks\openjdk-23.0.2\bin\zip.dll
0x00007ff94ddd0000 - 0x00007ff94dde0000 	C:\Users\Binod kumar\.jdks\openjdk-23.0.2\bin\net.dll
0x00007ff95aeb0000 - 0x00007ff95af1c000 	C:\WINDOWS\system32\mswsock.dll
0x00007ff941170000 - 0x00007ff941186000 	C:\Users\Binod kumar\.jdks\openjdk-23.0.2\bin\nio.dll
0x00007ff9526d0000 - 0x00007ff9526ea000 	C:\Program Files\JetBrains\IntelliJ IDEA Community Edition 2023.1.3\bin\breakgen64.dll
0x00007ff9459b0000 - 0x00007ff9459b9000 	C:\Users\Binod kumar\.jdks\openjdk-23.0.2\bin\extnet.dll
0x00007ff9457e0000 - 0x00007ff9457f0000 	C:\Users\Binod kumar\.jdks\openjdk-23.0.2\bin\verify.dll
0x00007ff95b190000 - 0x00007ff95b1ab000 	C:\WINDOWS\SYSTEM32\CRYPTSP.dll
0x00007ff95a8a0000 - 0x00007ff95a8d9000 	C:\WINDOWS\system32\rsaenh.dll
0x00007ff95af60000 - 0x00007ff95af93000 	C:\WINDOWS\SYSTEM32\USERENV.dll
0x00007ff95b1b0000 - 0x00007ff95b1bc000 	C:\WINDOWS\SYSTEM32\CRYPTBASE.dll
0x00007ff95a330000 - 0x00007ff95a362000 	C:\WINDOWS\SYSTEM32\IPHLPAPI.DLL
0x00007ff95f0b0000 - 0x00007ff95f0ba000 	C:\WINDOWS\System32\NSI.dll
0x00007ff9589f0000 - 0x00007ff9589fa000 	C:\Users\Binod kumar\AppData\Local\Temp\jansi-1.17.1-14869204886650845145.dll

dbghelp: loaded successfully - version: 4.0.5 - missing functions: none
symbol engine: initialized successfully - sym options: 0x614 - pdb path: .;C:\Users\Binod kumar\.jdks\openjdk-23.0.2\bin;C:\WINDOWS\SYSTEM32;C:\WINDOWS\WinSxS\amd64_microsoft.windows.common-controls_6595b64144ccf1df_6.0.26100.8457_none_3e0b2faee331e92d;C:\Program Files (x86)\Citrix\ICA Client;C:\Users\Binod kumar\.jdks\openjdk-23.0.2\bin\server;C:\Program Files\JetBrains\IntelliJ IDEA Community Edition 2023.1.3\bin;C:\Users\Binod kumar\AppData\Local\Temp

VM Arguments:
jvm_args: -Dmaven.multiModuleProjectDirectory=D:\CI-CD-Factory\pipeline-v1\jenkins-pipeline-ci-cd-v1\New folder -Djansi.passthrough=true -Dmaven.home=C:\Program Files\JetBrains\IntelliJ IDEA Community Edition 2023.1.3\plugins\maven\lib\maven3 -Dclassworlds.conf=C:\Program Files\JetBrains\IntelliJ IDEA Community Edition 2023.1.3\plugins\maven\lib\maven3\bin\m2.conf -Dmaven.ext.class.path=C:\Program Files\JetBrains\IntelliJ IDEA Community Edition 2023.1.3\plugins\maven\lib\maven-event-listener.jar -javaagent:C:\Program Files\JetBrains\IntelliJ IDEA Community Edition 2023.1.3\lib\idea_rt.jar=51024:C:\Program Files\JetBrains\IntelliJ IDEA Community Edition 2023.1.3\bin -Dfile.encoding=UTF-8 -Dsun.stdout.encoding=UTF-8 -Dsun.stderr.encoding=UTF-8 
java_command: org.codehaus.classworlds.Launcher -Didea.version=2023.1.3
java_class_path (initial): C:\Program Files\JetBrains\IntelliJ IDEA Community Edition 2023.1.3\plugins\maven\lib\maven3\boot\plexus-classworlds-2.6.0.jar;C:\Program Files\JetBrains\IntelliJ IDEA Community Edition 2023.1.3\plugins\maven\lib\maven3\boot\plexus-classworlds.license
Launcher Type: SUN_STANDARD

[Global flags]
     intx CICompilerCount                          = 4                                         {product} {ergonomic}
     uint ConcGCThreads                            = 2                                         {product} {ergonomic}
     uint G1ConcRefinementThreads                  = 8                                         {product} {ergonomic}
   size_t G1HeapRegionSize                         = 2097152                                   {product} {ergonomic}
   size_t InitialHeapSize                          = 266338304                                 {product} {ergonomic}
   size_t MarkStackSize                            = 4194304                                   {product} {ergonomic}
   size_t MarkStackSizeMax                         = 536870912                                 {product} {ergonomic}
   size_t MaxHeapSize                              = 4238344192                                {product} {ergonomic}
   size_t MaxNewSize                               = 2541748224                                {product} {ergonomic}
   size_t MinHeapDeltaBytes                        = 2097152                                   {product} {ergonomic}
   size_t MinHeapSize                              = 8388608                                   {product} {ergonomic}
    uintx NonNMethodCodeHeapSize                   = 5832704                                {pd product} {ergonomic}
    uintx NonProfiledCodeHeapSize                  = 122945536                              {pd product} {ergonomic}
    uintx ProfiledCodeHeapSize                     = 122880000                              {pd product} {ergonomic}
    uintx ReservedCodeCacheSize                    = 251658240                              {pd product} {ergonomic}
     bool SegmentedCodeCache                       = true                                      {product} {ergonomic}
   size_t SoftMaxHeapSize                          = 4238344192                             {manageable} {ergonomic}
     bool UseCompressedOops                        = true                           {product lp64_product} {ergonomic}
     bool UseG1GC                                  = true                                      {product} {ergonomic}
     bool UseLargePagesIndividualAllocation        = false                                  {pd product} {ergonomic}

Logging:
Log output configuration:
 #0: stdout all=warning uptime,level,tags foldmultilines=false
 #1: stderr all=off uptime,level,tags foldmultilines=false

Environment Variables:
JAVA_HOME=C:\Program Files\Java\jdk-17
PATH=C:\Program Files\PowerShell\7;C:\Python312\Scripts;C:\Program Files\Common Files\Oracle\Java\javapath;C:\Program Files (x86)\Common Files\Oracle\Java\javapath;C:\WINDOWS\system32;C:\WINDOWS;C:\WINDOWS\System32\Wbem;C:\WINDOWS\System32\WindowsPowerShell\v1.0\;C:\WINDOWS\System32\OpenSSH\;node_modules\npm\bin;C:\Users\Binod kumar\AppData\Local\Android\Sdk\platform-tools;C:\Users\Binod kumar\AppData\Local\Android\Sdk\platforms;C:\Users\Binod kumar\AppData\Local\Android\Sdk\build-tools;C:\Program Files\Java\jdk-17\bin;C:\ProgramData\chocolatey\bin;C:\Users\Binod kumar\Downloads\apache-maven-3.9.3-bin\apache-maven-3.9.3\bin;C:\Users\Binod kumar\AppData\Roaming\nvm;C:\Program Files\nodejs;C:\Program Files\nodejs\;C:\Program Files\PuTTY\;C:\Python312\Lib\site-packages;C:\Program Files\PostgreSQL\15\bin;C:\Program Files\Amazon\AWSCLIV2\;C:\Program Files\Docker\Docker\resources\bin;C:\Program Files\Git\cmd;C:\Program Files\Go\bin;C:\Program Files\terraform;C:\Program Files\PowerShell\7\;%SystemRoot%\system32;%SystemRoot%;%SystemRoot%\System32\Wbem;%SYSTEMROOT%\System32\WindowsPowerShell\v1.0\;%SYSTEMROOT%\System32\OpenSSH\;C:\Program Files\PowerShell\7;C:\Python312\Scripts;C:\Program Files\Common Files\Oracle\Java\javapath;C:\Program Files (x86)\Common Files\Oracle\Java\javapath;C:\WINDOWS\system32;C:\WINDOWS;C:\WINDOWS\System32\Wbem;C:\WINDOWS\System32\WindowsPowerShell\v1.0\;C:\WINDOWS\System32\OpenSSH\;node_modules\npm\bin;C:\Users\Binod kumar\AppData\Local\Android\Sdk\platform-tools;C:\Users\Binod kumar\AppData\Local\Android\Sdk\platforms;C:\Users\Binod kumar\AppData\Local\Android\Sdk\build-tools;C:\Program Files\Java\jdk-17\bin;C:\ProgramData\chocolatey\bin;C:\Users\Binod kumar\Downloads\apache-maven-3.9.3-bin\apache-maven-3.9.3\bin;C:\Users\Binod kumar\AppData\Roaming\nvm;C:\Program Files\nodejs;C:\Program Files\nodejs\;C:\Program Files\PuTTY\;C:\Python312\Lib\site-packages;C:\Program Files\PostgreSQL\15\bin;C:\Program Files\Amazon\AWSCLIV2\;C:\Program Files\Docker\Docker\resources\bin;C:\Program Files\Git\cmd;C:\Program Files\Go\bin;C:\Program Files\terraform;C:\Program Files\PowerShell\7\;C:\WINDOWS\system32;%SystemRo;C:\Users\Binod kumar\AppData\Local\Programs\Microsoft VS Code\bin
USERNAME=Binod kumar
OS=Windows_NT
PROCESSOR_IDENTIFIER=Intel64 Family 6 Model 140 Stepping 1, GenuineIntel
TMP=C:\Users\BINODK~1\AppData\Local\Temp
TEMP=C:\Users\BINODK~1\AppData\Local\Temp




Periodic native trim disabled

---------------  S Y S T E M  ---------------

OS:
 Windows 11 , 64 bit Build 26100 (10.0.26100.8328)
OS uptime: 26 days 7:23 hours
Hyper-V role detected

CPU: total 8 (initial active 8) (4 cores per cpu, 2 threads per core) family 6 model 140 stepping 1 microcode 0x8a, cx8, cmov, fxsr, ht, mmx, 3dnowpref, sse, sse2, sse3, ssse3, sse4.1, sse4.2, popcnt, lzcnt, tsc, tscinvbit, avx, avx2, aes, erms, clmul, bmi1, bmi2, adx, avx512f, avx512dq, avx512cd, avx512bw, avx512vl, sha, fma, vzeroupper, avx512_vpopcntdq, avx512_vpclmulqdq, avx512_vaes, avx512_vnni, clflush, clflushopt, clwb, avx512_vbmi2, avx512_vbmi, hv, rdtscp, rdpid, fsrm, gfni, avx512_bitalg, f16c, cet_ibt, cet_ss, avx512_ifma
Processor Information for processor 0
  Max Mhz: 2419, Current Mhz: 2419, Mhz Limit: 2419
Processor Information for processor 1
  Max Mhz: 2419, Current Mhz: 2419, Mhz Limit: 2419
Processor Information for processor 2
  Max Mhz: 2419, Current Mhz: 1209, Mhz Limit: 2419
Processor Information for processor 3
  Max Mhz: 2419, Current Mhz: 1209, Mhz Limit: 2419
Processor Information for processor 4
  Max Mhz: 2419, Current Mhz: 1209, Mhz Limit: 2419
Processor Information for processor 5
  Max Mhz: 2419, Current Mhz: 2419, Mhz Limit: 2419
Processor Information for processor 6
  Max Mhz: 2419, Current Mhz: 1209, Mhz Limit: 2419
Processor Information for processor 7
  Max Mhz: 2419, Current Mhz: 2419, Mhz Limit: 2419

Memory: 4k page, system-wide physical 16167M (1377M free)
TotalPageFile size 41767M (AvailPageFile size 8M)
current process WorkingSet (physical memory assigned to process): 101M, peak: 101M
current process commit charge ("private bytes"): 368M, peak: 369M

vm_info: OpenJDK 64-Bit Server VM (23.0.2+7-58) for windows-amd64 JRE (23.0.2+7-58), built on 2024-11-29T09:34:55Z with MS VC++ 17.6 (VS2022)

END.
